
          ...................................................
          :                      SETUP                      :
          :.................................................:
          :  # basis functions                  84          :
          :  # atomic orbitals                  84          :
          :  # shells                           62          :
          :  # electrons                        66          :
          :  # halogen bonds                     0          :
          :  max. iterations                   250          :
          :  Hamiltonian                  GFN1-xTB          :
          :  restarted?                       true          :
          :  GBSA solvation                  false          :
          :  PC potential                     true          :
          :  -> # point charges                 32          :
          :  -> sum of PC               -0.2330000     e    :
          :  electronic temp.          300.0000000     K    :
          :  accuracy                    1.0000000          :
          :  -> integral cutoff          0.2500000E+02      :
          :  -> integral neglect         0.1000000E-07      :
          :  -> SCF convergence          0.1000000E-05 Eh   :
          :  -> wf. convergence          0.2000000E-04 e    :
          :  Broyden damping             0.4000000          :
          ...................................................

 iter      E             dE          RMSdq      gap      omega  full diag
   1    -37.0416556 -0.370417E+02  0.795E+00    7.32       0.0  T
   2    -37.1040613 -0.624057E-01  0.484E+00    7.91       1.0  T
   3    -37.1051663 -0.110498E-02  0.465E-01    8.16       1.0  T
   4    -37.1064518 -0.128557E-02  0.761E-02    8.11       1.0  T
   5    -37.1065074 -0.555360E-04  0.745E-03    8.09       2.4  T
   6    -37.1065080 -0.645760E-06  0.223E-03    8.08       8.0  T
   7    -37.1065081 -0.515521E-07  0.322E-04    8.08      55.8  T
   8    -37.1065081 -0.959105E-09  0.625E-05    8.08     287.3  T
   9    -37.1065081 -0.398686E-10  0.134E-05    8.08    1343.9  T

   *** convergence criteria satisfied after 9 iterations ***

         #    Occupation            Energy/Eh            Energy/eV
      -------------------------------------------------------------
         1        2.0000           -0.7625592             -20.7503
       ...           ...                  ...                  ...
        27        2.0000           -0.4723145             -12.8523
        28        2.0000           -0.4651302             -12.6568
        29        2.0000           -0.4603392             -12.5265
        30        2.0000           -0.4580247             -12.4635
        31        2.0000           -0.4491607             -12.2223
        32        2.0000           -0.4414729             -12.0131
        33        2.0000           -0.4297931             -11.6953 (HOMO)
        34                         -0.1327659              -3.6127 (LUMO)
        35                         -0.1221459              -3.3238
        36                         -0.1166348              -3.1738
        37                         -0.1134384              -3.0868
        38                         -0.1060253              -2.8851
       ...                                ...                  ...
        84                          0.5089357              13.8488
      -------------------------------------------------------------
                  HL-Gap            0.2970272 Eh            8.0825 eV
             Fermi-level           -0.2812795 Eh           -7.6540 eV

 SCC (total)                   0 d,  0 h,  0 min,  0.055 sec
 SCC setup                      ...        0 min,  0.001 sec (  1.585%)
 Dispersion                     ...        0 min,  0.000 sec (  0.468%)
 classical contributions        ...        0 min,  0.000 sec (  0.252%)
 integral evaluation            ...        0 min,  0.014 sec ( 26.387%)
 iterations                     ...        0 min,  0.012 sec ( 22.036%)
 molecular gradient             ...        0 min,  0.027 sec ( 48.784%)
 printout                       ...        0 min,  0.000 sec (  0.454%)
Energy:  -36.669892958754
GRADIENTS
  -0.001992161613   0.002947907232   0.000831993945
  -0.012600198559  -0.002580722584  -0.012229881847
   0.002519256365   0.000366988899   0.007050115427
   0.001633481203  -0.003945618059  -0.000983469688
   0.005680078312   0.014171901631   0.002486150032
  -0.004012392026   0.008585608011  -0.002420471303
   0.010766671859  -0.019585414538  -0.013997702046
  -0.003928973337  -0.001081310520   0.009413381587
  -0.000013447505   0.008052042481  -0.006149406619
  -0.006798834928  -0.000131439451   0.000238609179
   0.007800136835  -0.008220163505   0.013318726509
   0.001993346906  -0.004389784351   0.003167802546
   0.000459367993   0.005169337246  -0.018598463654
   0.001654964555   0.000375370970   0.000352231456
  -0.000234110289   0.005329489282   0.004805233961
   0.003215995489  -0.016938241593  -0.014171327684
  -0.007046162732  -0.004001339296   0.000037844385
   0.005920965155   0.006025744490   0.007665119970
  -0.005797834176   0.005613597822  -0.003730582149
   0.000395088258   0.000552546578   0.000993714348
   0.003418359834  -0.004425486120  -0.002239121479
   0.003855977757  -0.005744696815   0.001724480896
   0.001047633995  -0.000918176519  -0.003568373573
  -0.004405754799   0.001156997790   0.006642677017
  -0.013435465052  -0.007025121259   0.009347830150
   0.004084413969  -0.001325009254  -0.003925135060
  -0.002360036476  -0.001465392883   0.007101919329
   0.012358757855   0.015514343085  -0.004729981080
  -0.003826188073   0.003046404787  -0.001567735261
  -0.006048480800   0.006138161939   0.012571153378
   0.005696889936  -0.001276085174   0.000556642950
PC GRADIENTS
   0.000007545625  -0.000001403282  -0.000008059678
  -0.000011950438   0.000004106870   0.000014348870
   0.000002636146  -0.000001303704  -0.000003165770
   0.000000289751  -0.000000220565  -0.000000414506
   0.000000249465  -0.000000125650  -0.000000313049
   0.000000332857  -0.000000124283  -0.000000322519
  -0.000014765745  -0.000005670351   0.000005912771
   0.000019587216   0.000007755747  -0.000009564529
  -0.000005215662  -0.000001677984   0.000003234283
  -0.000000626045  -0.000000137323   0.000000361560
  -0.000000688500  -0.000000249740   0.000000466892
  -0.000000497532  -0.000000165445   0.000000364369
  -0.000020566618  -0.000005238822   0.000003019515
   0.000029790929   0.000006814397  -0.000007169400
  -0.000007064691  -0.000000772704   0.000001787920
  -0.000000690937  -0.000000073497   0.000000147823
  -0.000000946835  -0.000000047670   0.000000198507
  -0.000000750831  -0.000000065523   0.000000271181
   0.000006264463   0.000015900369  -0.000000999619
  -0.000013645803  -0.000024812026   0.000001911905
   0.000005018139   0.000007777868   0.000000051595
   0.000000528407   0.000000838753   0.000000074030
   0.000000631130   0.000001266054  -0.000000040131
   0.000000749130   0.000000708141   0.000000045425
   0.000010794427   0.000006705665   0.000000410632
  -0.000018544159  -0.000010596738   0.000000520390
   0.000006676430   0.000003323900  -0.000001058070
   0.000000776808   0.000000278122  -0.000000245886
   0.000000836196   0.000000530695   0.000000008841
   0.000000845458   0.000000399771  -0.000000190019
  -0.000001673402  -0.000004967505  -0.000008686666
   0.000002728713   0.000008806137   0.000013117708

         :::::::::::::::::::::::::::::::::::::::::::::::::::::
         ::                     SUMMARY                     ::
         :::::::::::::::::::::::::::::::::::::::::::::::::::::
         :: total energy             -36.669892958754 Eh    ::
         :: gradient norm              0.067185682971 Eh/a0 ::
         :: HOMO-LUMO gap              8.082521985723 eV    ::
         ::.................................................::
         :: SCC energy               -37.106508075512 Eh    ::
         :: -> electrostatic           0.046172775865 Eh    ::
         :: repulsion energy           0.452404981719 Eh    ::
         :: dispersion energy         -0.015789864961 Eh    ::
         :: halogen bond corr.         0.000000000000 Eh    ::
         :: add. restraining           0.000000000000 Eh    ::
         :: total charge              -0.000000000000 e     ::
         :::::::::::::::::::::::::::::::::::::::::::::::::::::

